<?xml version="1.0" encoding="UTF-8"?>
<!-- Generated by org.testng.reporters.JUnitReportReporter -->
<testsuite skipped="0" hostname="Divyas-MacBook-Air.local" name="ForeignPlayerCount" tests="2" failures="0" timestamp="2022-08-21T00:23:35 IST" time="0.031" errors="0">
  <testcase name="countForeignPlayer" time="0.028" classname="ForeignPlayerCount"/>
  <testcase name="countWicketKeeper" time="0.003" classname="ForeignPlayerCount"/>
</testsuite> <!-- ForeignPlayerCount -->
